<?xml version="1.0" encoding="UTF-8"?>
<!-- Generated by org.testng.reporters.JUnitXMLReporter -->
<testsuite hostname="SYPUL5CD84774K4" ignored="2" name="Practise" tests="3" failures="0" timestamp="07 Jul 2020 16:48:04 GMT" time="0.016" errors="0">
  <testcase name="airLift" time="0.004" classname="annotations.BwdMovies"/>
  <testcase name="race" time="0.0" classname="annotations.BwdMovies"/>
  <testcase name="race" time="0.0" classname="annotations.BwdMovies"/>
  <testcase name="kesari" time="0.0" classname="annotations.BwdMovies">
    <ignored/>
  </testcase> <!-- kesari -->
  <testcase name="piku" time="0.0" classname="annotations.BwdMovies">
    <ignored/>
  </testcase> <!-- piku -->
</testsuite> <!-- Practise -->
